Agenda/app/build/intermediates/manifest_merge_blame_file/debug/manifest-merger-blame-debug-report.txt
1<?xml version="1.0" encoding="utf-8"?>
2<manifest xmlns:android="http://schemas.android.com/apk/res/android"
3    package="br.com.alura.agenda"
4    android:versionCode="1"
5    android:versionName="1.0" >
6
7    <uses-sdk
8        android:minSdkVersion="19"
8-->src\main\AndroidManifest.xml
9        android:targetSdkVersion="30" />
9-->src\main\AndroidManifest.xml
10
11    <application
11-->src\main\AndroidManifest.xml:6:5-25:19
12        android:name="br.com.alura.agenda.AgendaApplication"
12-->src\main\AndroidManifest.xml:13:9-42
13        android:allowBackup="true"
13-->src\main\AndroidManifest.xml:7:9-35
14        android:appComponentFactory="androidx.core.app.CoreComponentFactory"
14-->[androidx.core:core:1.3.0] AndroidManifest.xml:24:18-86
15        android:debuggable="true"
16        android:icon="@mipmap/ic_launcher"
16-->src\main\AndroidManifest.xml:8:9-43
17        android:label="@string/app_name"
17-->src\main\AndroidManifest.xml:9:9-41
18        android:roundIcon="@mipmap/ic_launcher_round"
18-->src\main\AndroidManifest.xml:10:9-54
19        android:supportsRtl="true"
19-->src\main\AndroidManifest.xml:11:9-35
20        android:testOnly="true"
21        android:theme="@style/Theme.Agenda" >
21-->src\main\AndroidManifest.xml:12:9-44
22        <activity android:name="br.com.alura.agenda.ui.activity.FormularioAlunoActivity" />
22-->src\main\AndroidManifest.xml:16:9-72
22-->src\main\AndroidManifest.xml:16:19-70
23        <activity android:name="br.com.alura.agenda.ui.activity.ListaAlunosActivity" >
23-->src\main\AndroidManifest.xml:18:9-24:20
23-->src\main\AndroidManifest.xml:18:19-66
24            <intent-filter>
24-->src\main\AndroidManifest.xml:19:13-23:29
25                <action android:name="android.intent.action.MAIN" />
25-->src\main\AndroidManifest.xml:20:17-69
25-->src\main\AndroidManifest.xml:20:25-66
26
27                <category android:name="android.intent.category.LAUNCHER" />
27-->src\main\AndroidManifest.xml:22:17-77
27-->src\main\AndroidManifest.xml:22:27-74
28            </intent-filter>
29        </activity>
30    </application>
31
32</manifest>